C51 COMPILER V9.57.0.0   LINE_FOLLOWER                                                     01/23/2018 20:05:39 PAGE 1   


C51 COMPILER V9.57.0.0, COMPILATION OF MODULE LINE_FOLLOWER
OBJECT MODULE PLACED IN .\Objects\line_follower.obj
COMPILER INVOKED BY: C:\Keil_v5\C51\BIN\C51.EXE line_follower.c OPTIMIZE(8,SPEED) BROWSE DEBUG OBJECTEXTEND PRINT(.\List
                    -ings\line_follower.lst) TABS(2) OBJECT(.\Objects\line_follower.obj)

line level    source

   1          #include <reg52.h>
   2          #include <stdio.h>
   3          
   4          #define lt 0x06;
   5          #define rt 0x09;
   6          #define st 0x0a;
   7          #define stop 0x00;
   8          
   9          unsigned int a;
  10          
  11          void main()
  12          {
  13   1        while(1)
  14   1        {
  15   2            a = P1 & 0x0c;
  16   2            if (a == 0x00)
  17   2            {
  18   3              P2 = stop;
  19   3            }
  20   2            if(a == 0x04)
  21   2            {
  22   3              P2 = lt;
  23   3            }
  24   2            if(a == 0x08)
  25   2            {
  26   3              P2 = rt;
  27   3            }
  28   2            if(a == 0x0c)
  29   2            {
  30   3              P2 = st;
  31   3            }
  32   2            
  33   2          
  34   2        }
  35   1      }


MODULE INFORMATION:   STATIC OVERLAYABLE
   CODE SIZE        =     50    ----
   CONSTANT SIZE    =   ----    ----
   XDATA SIZE       =   ----    ----
   PDATA SIZE       =   ----    ----
   DATA SIZE        =      2    ----
   IDATA SIZE       =   ----    ----
   BIT SIZE         =   ----    ----
END OF MODULE INFORMATION.


C51 COMPILATION COMPLETE.  0 WARNING(S),  0 ERROR(S)
