C51 COMPILER V9.57.0.0   OBSTICLE_AVOIDER                                                  02/02/2018 12:49:42 PAGE 1   


C51 COMPILER V9.57.0.0, COMPILATION OF MODULE OBSTICLE_AVOIDER
OBJECT MODULE PLACED IN .\Objects\obsticle_avoider.obj
COMPILER INVOKED BY: C:\Keil_v5\C51\BIN\C51.EXE obsticle_avoider.c OPTIMIZE(8,SPEED) BROWSE DEBUG OBJECTEXTEND PRINT(.\L
                    -istings\obsticle_avoider.lst) TABS(2) OBJECT(.\Objects\obsticle_avoider.obj)

line level    source

   1          #include <stdio.h>
   2          #include <reg52.h>
   3          
   4          #define lt 0x06;
   5          #define rt 0x09;
   6          #define st 0x0a;
   7          #define rev 0x05;
   8          #define stp 0x00;
   9          
  10          unsigned int a,i,j;
  11          void delay(unsigned int t)
  12          {
  13   1        
  14   1        for(i = 0; i < t; i++);
  15   1        {
  16   2          for(j = 0;j < 1275; j++);;
  17   2        }
  18   1      }
  19          
  20          void main()
  21          {
  22   1        
  23   1        while(1)
  24   1        {
  25   2          a = 0;
  26   2          a = P1&0x0c;
  27   2          if(a == 0x00)
  28   2          {
  29   3            P2 = st;
  30   3          }
  31   2          if(a == 0x08)
  32   2          {
  33   3            P2 = rev;
  34   3            delay(150);
  35   3            P2 = rt;
  36   3            delay(150);
  37   3          }
  38   2          if(a == 0x04)
  39   2          {
  40   3            P2 = rev;
  41   3            delay(150);
  42   3            P2 = lt;
  43   3            delay(150);
  44   3          }
  45   2        /*  if(a == 0x0c)
  46   2          {
  47   2            P2 = rev;
  48   2            delay(150);
  49   2            P2 = stp;
  50   2            delay(150);
  51   2            
  52   2          }*/
  53   2      
  54   2        }
C51 COMPILER V9.57.0.0   OBSTICLE_AVOIDER                                                  02/02/2018 12:49:42 PAGE 2   

  55   1      }


MODULE INFORMATION:   STATIC OVERLAYABLE
   CODE SIZE        =    109    ----
   CONSTANT SIZE    =   ----    ----
   XDATA SIZE       =   ----    ----
   PDATA SIZE       =   ----    ----
   DATA SIZE        =      6    ----
   IDATA SIZE       =   ----    ----
   BIT SIZE         =   ----    ----
END OF MODULE INFORMATION.


C51 COMPILATION COMPLETE.  0 WARNING(S),  0 ERROR(S)
